{"D:\\RSScool\\Task2\\MyTask\\Task1_ReactClassComponent_RSSchool\\src\\App.tsx": {"path":"D:\\RSScool\\Task2\\MyTask\\Task1_ReactClassComponent_RSSchool\\src\\App.tsx","statementMap":{"0":{"start":{"line":1,"column":0},"end":{"line":1,"column":64}},"1":{"start":{"line":2,"column":0},"end":{"line":2,"column":19}},"2":{"start":{"line":3,"column":0},"end":{"line":3,"column":48}},"3":{"start":{"line":4,"column":0},"end":{"line":4,"column":45}},"4":{"start":{"line":5,"column":0},"end":{"line":5,"column":55}},"5":{"start":{"line":6,"column":0},"end":{"line":6,"column":33}},"6":{"start":{"line":8,"column":0},"end":{"line":8,"column":55}},"7":{"start":{"line":10,"column":12},"end":{"line":47,"column":1}},"8":{"start":{"line":11,"column":36},"end":{"line":11,"column":71}},"9":{"start":{"line":12,"column":2},"end":{"line":12,"column":25}},"10":{"start":{"line":13,"column":2},"end":{"line":46,"column":4}},"11":{"start":{"line":49,"column":0},"end":{"line":49,"column":19}}},"fnMap":{"0":{"name":"(anonymous_0)","decl":{"start":{"line":10,"column":12},"end":{"line":10,"column":15}},"loc":{"start":{"line":10,"column":17},"end":{"line":47,"column":1}}}},"branchMap":{},"s":{"0":0,"1":0,"2":0,"3":0,"4":0,"5":0,"6":0,"7":0,"8":0,"9":0,"10":0,"11":0},"f":{"0":0},"b":{}}
,"D:\\RSScool\\Task2\\MyTask\\Task1_ReactClassComponent_RSSchool\\src\\main.tsx": {"path":"D:\\RSScool\\Task2\\MyTask\\Task1_ReactClassComponent_RSSchool\\src\\main.tsx","statementMap":{"0":{"start":{"line":1,"column":0},"end":{"line":1,"column":31}},"1":{"start":{"line":2,"column":0},"end":{"line":2,"column":45}},"2":{"start":{"line":3,"column":0},"end":{"line":3,"column":24}},"3":{"start":{"line":4,"column":0},"end":{"line":4,"column":21}},"4":{"start":{"line":5,"column":0},"end":{"line":5,"column":50}},"5":{"start":{"line":7,"column":0},"end":{"line":13,"column":2}}},"fnMap":{},"branchMap":{},"s":{"0":0,"1":0,"2":0,"3":0,"4":0,"5":0},"f":{},"b":{}}
,"D:\\RSScool\\Task2\\MyTask\\Task1_ReactClassComponent_RSSchool\\src\\Card\\Card.tsx": {"path":"D:\\RSScool\\Task2\\MyTask\\Task1_ReactClassComponent_RSSchool\\src\\Card\\Card.tsx","statementMap":{"0":{"start":{"line":1,"column":0},"end":{"line":1,"column":40}},"1":{"start":{"line":2,"column":0},"end":{"line":2,"column":20}},"2":{"start":{"line":3,"column":0},"end":{"line":3,"column":31}},"3":{"start":{"line":18,"column":13},"end":{"line":51,"column":1}},"4":{"start":{"line":19,"column":28},"end":{"line":19,"column":62}},"5":{"start":{"line":20,"column":35},"end":{"line":20,"column":39}},"6":{"start":{"line":22,"column":2},"end":{"line":29,"column":9}},"7":{"start":{"line":23,"column":4},"end":{"line":28,"column":7}},"8":{"start":{"line":30,"column":2},"end":{"line":50,"column":4}},"9":{"start":{"line":36,"column":12},"end":{"line":36,"column":41}},"10":{"start":{"line":37,"column":12},"end":{"line":39,"column":15}},"11":{"start":{"line":53,"column":0},"end":{"line":53,"column":20}}},"fnMap":{"0":{"name":"(anonymous_0)","decl":{"start":{"line":18,"column":13},"end":{"line":18,"column":14}},"loc":{"start":{"line":18,"column":51},"end":{"line":51,"column":1}}},"1":{"name":"(anonymous_1)","decl":{"start":{"line":22,"column":18},"end":{"line":22,"column":21}},"loc":{"start":{"line":22,"column":23},"end":{"line":29,"column":3}}},"2":{"name":"(anonymous_2)","decl":{"start":{"line":35,"column":19},"end":{"line":35,"column":20}},"loc":{"start":{"line":35,"column":25},"end":{"line":40,"column":11}}}},"branchMap":{"0":{"loc":{"start":{"line":42,"column":16},"end":{"line":42,"column":27}},"type":"cond-expr","locations":[{"start":{"line":42,"column":21},"end":{"line":42,"column":23}},{"start":{"line":42,"column":16},"end":{"line":42,"column":27}}]},"1":{"loc":{"start":{"line":42,"column":16},"end":{"line":42,"column":23}},"type":"binary-expr","locations":[{"start":{"line":42,"column":16},"end":{"line":42,"column":23}},{"start":{"line":42,"column":16},"end":{"line":42,"column":23}}]},"2":{"loc":{"start":{"line":44,"column":17},"end":{"line":44,"column":33}},"type":"cond-expr","locations":[{"start":{"line":44,"column":22},"end":{"line":44,"column":24}},{"start":{"line":44,"column":17},"end":{"line":44,"column":33}}]},"3":{"loc":{"start":{"line":44,"column":17},"end":{"line":44,"column":24}},"type":"binary-expr","locations":[{"start":{"line":44,"column":17},"end":{"line":44,"column":24}},{"start":{"line":44,"column":17},"end":{"line":44,"column":24}}]},"4":{"loc":{"start":{"line":45,"column":16},"end":{"line":45,"column":26}},"type":"cond-expr","locations":[{"start":{"line":45,"column":21},"end":{"line":45,"column":23}},{"start":{"line":45,"column":16},"end":{"line":45,"column":26}}]},"5":{"loc":{"start":{"line":45,"column":16},"end":{"line":45,"column":23}},"type":"binary-expr","locations":[{"start":{"line":45,"column":16},"end":{"line":45,"column":23}},{"start":{"line":45,"column":16},"end":{"line":45,"column":23}}]}},"s":{"0":0,"1":0,"2":0,"3":0,"4":0,"5":0,"6":0,"7":0,"8":0,"9":0,"10":0,"11":0},"f":{"0":0,"1":0,"2":0},"b":{"0":[0,0],"1":[0,0],"2":[0,0],"3":[0,0],"4":[0,0],"5":[0,0]}}
,"D:\\RSScool\\Task2\\MyTask\\Task1_ReactClassComponent_RSSchool\\src\\Error\\ErrorBoundary.tsx": {"path":"D:\\RSScool\\Task2\\MyTask\\Task1_ReactClassComponent_RSSchool\\src\\Error\\ErrorBoundary.tsx","statementMap":{"0":{"start":{"line":1,"column":0},"end":{"line":1,"column":31}},"1":{"start":{"line":2,"column":0},"end":{"line":2,"column":32}},"2":{"start":{"line":12,"column":4},"end":{"line":12,"column":17}},"3":{"start":{"line":8,"column":2},"end":{"line":10,"column":4}},"4":{"start":{"line":13,"column":4},"end":{"line":13,"column":37}},"5":{"start":{"line":16,"column":4},"end":{"line":16,"column":23}},"6":{"start":{"line":17,"column":4},"end":{"line":17,"column":30}},"7":{"start":{"line":20,"column":4},"end":{"line":20,"column":23}},"8":{"start":{"line":21,"column":4},"end":{"line":21,"column":37}},"9":{"start":{"line":25,"column":4},"end":{"line":28,"column":5}},"10":{"start":{"line":26,"column":6},"end":{"line":26,"column":27}},"11":{"start":{"line":27,"column":6},"end":{"line":27,"column":25}},"12":{"start":{"line":30,"column":4},"end":{"line":30,"column":31}},"13":{"start":{"line":33,"column":0},"end":{"line":33,"column":29}}},"fnMap":{"0":{"name":"(anonymous_0)","decl":{"start":{"line":11,"column":2},"end":{"line":11,"column":14}},"loc":{"start":{"line":11,"column":35},"end":{"line":14,"column":3}}},"1":{"name":"(anonymous_1)","decl":{"start":{"line":15,"column":2},"end":{"line":15,"column":8}},"loc":{"start":{"line":15,"column":47},"end":{"line":18,"column":3}}},"2":{"name":"(anonymous_2)","decl":{"start":{"line":19,"column":2},"end":{"line":19,"column":19}},"loc":{"start":{"line":19,"column":55},"end":{"line":22,"column":3}}},"3":{"name":"(anonymous_3)","decl":{"start":{"line":24,"column":2},"end":{"line":24,"column":8}},"loc":{"start":{"line":24,"column":8},"end":{"line":31,"column":3}}}},"branchMap":{"0":{"loc":{"start":{"line":25,"column":4},"end":{"line":28,"column":5}},"type":"if","locations":[{"start":{"line":25,"column":4},"end":{"line":28,"column":5}}]}},"s":{"0":0,"1":0,"2":0,"3":0,"4":0,"5":0,"6":0,"7":0,"8":0,"9":0,"10":0,"11":0,"12":0,"13":0},"f":{"0":0,"1":0,"2":0,"3":0},"b":{"0":[0]}}
,"D:\\RSScool\\Task2\\MyTask\\Task1_ReactClassComponent_RSSchool\\src\\Error\\ErrorUI.tsx": {"path":"D:\\RSScool\\Task2\\MyTask\\Task1_ReactClassComponent_RSSchool\\src\\Error\\ErrorUI.tsx","statementMap":{"0":{"start":{"line":1,"column":0},"end":{"line":1,"column":23}},"1":{"start":{"line":2,"column":16},"end":{"line":22,"column":1}},"2":{"start":{"line":3,"column":2},"end":{"line":21,"column":4}},"3":{"start":{"line":13,"column":12},"end":{"line":13,"column":37}},"4":{"start":{"line":24,"column":0},"end":{"line":24,"column":23}}},"fnMap":{"0":{"name":"(anonymous_0)","decl":{"start":{"line":2,"column":16},"end":{"line":2,"column":19}},"loc":{"start":{"line":2,"column":21},"end":{"line":22,"column":1}}},"1":{"name":"(anonymous_1)","decl":{"start":{"line":12,"column":19},"end":{"line":12,"column":22}},"loc":{"start":{"line":12,"column":24},"end":{"line":14,"column":11}}}},"branchMap":{},"s":{"0":0,"1":0,"2":0,"3":0,"4":0},"f":{"0":0,"1":0},"b":{}}
,"D:\\RSScool\\Task2\\MyTask\\Task1_ReactClassComponent_RSSchool\\src\\Load\\Load.tsx": {"path":"D:\\RSScool\\Task2\\MyTask\\Task1_ReactClassComponent_RSSchool\\src\\Load\\Load.tsx","statementMap":{"0":{"start":{"line":1,"column":0},"end":{"line":1,"column":20}},"1":{"start":{"line":2,"column":13},"end":{"line":12,"column":1}},"2":{"start":{"line":3,"column":2},"end":{"line":11,"column":4}},"3":{"start":{"line":14,"column":0},"end":{"line":14,"column":20}}},"fnMap":{"0":{"name":"(anonymous_0)","decl":{"start":{"line":2,"column":13},"end":{"line":2,"column":16}},"loc":{"start":{"line":2,"column":18},"end":{"line":12,"column":1}}}},"branchMap":{},"s":{"0":0,"1":0,"2":0,"3":0},"f":{"0":0},"b":{}}
,"D:\\RSScool\\Task2\\MyTask\\Task1_ReactClassComponent_RSSchool\\src\\NotFoundPage\\NotFoundPage.tsx": {"path":"D:\\RSScool\\Task2\\MyTask\\Task1_ReactClassComponent_RSSchool\\src\\NotFoundPage\\NotFoundPage.tsx","statementMap":{"0":{"start":{"line":1,"column":0},"end":{"line":1,"column":28}},"1":{"start":{"line":3,"column":21},"end":{"line":14,"column":1}},"2":{"start":{"line":4,"column":2},"end":{"line":13,"column":4}},"3":{"start":{"line":15,"column":0},"end":{"line":15,"column":28}}},"fnMap":{"0":{"name":"(anonymous_0)","decl":{"start":{"line":3,"column":21},"end":{"line":3,"column":24}},"loc":{"start":{"line":3,"column":26},"end":{"line":14,"column":1}}}},"branchMap":{},"s":{"0":0,"1":0,"2":0,"3":0},"f":{"0":0},"b":{}}
,"D:\\RSScool\\Task2\\MyTask\\Task1_ReactClassComponent_RSSchool\\src\\RightSection\\RightSection.tsx": {"path":"D:\\RSScool\\Task2\\MyTask\\Task1_ReactClassComponent_RSSchool\\src\\RightSection\\RightSection.tsx","statementMap":{"0":{"start":{"line":1,"column":0},"end":{"line":1,"column":51}},"1":{"start":{"line":3,"column":0},"end":{"line":3,"column":28}},"2":{"start":{"line":4,"column":21},"end":{"line":28,"column":1}},"3":{"start":{"line":5,"column":24},"end":{"line":5,"column":29}},"4":{"start":{"line":6,"column":12},"end":{"line":6,"column":23}},"5":{"start":{"line":7,"column":2},"end":{"line":7,"column":29}},"6":{"start":{"line":9,"column":2},"end":{"line":27,"column":4}},"7":{"start":{"line":29,"column":0},"end":{"line":29,"column":28}}},"fnMap":{"0":{"name":"(anonymous_0)","decl":{"start":{"line":4,"column":21},"end":{"line":4,"column":22}},"loc":{"start":{"line":4,"column":69},"end":{"line":28,"column":1}}}},"branchMap":{"0":{"loc":{"start":{"line":16,"column":33},"end":{"line":16,"column":48}},"type":"cond-expr","locations":[{"start":{"line":16,"column":42},"end":{"line":16,"column":44}},{"start":{"line":16,"column":33},"end":{"line":16,"column":48}}]},"1":{"loc":{"start":{"line":16,"column":33},"end":{"line":16,"column":44}},"type":"binary-expr","locations":[{"start":{"line":16,"column":33},"end":{"line":16,"column":44}},{"start":{"line":16,"column":33},"end":{"line":16,"column":44}}]},"2":{"loc":{"start":{"line":17,"column":39},"end":{"line":17,"column":60}},"type":"cond-expr","locations":[{"start":{"line":17,"column":48},"end":{"line":17,"column":50}},{"start":{"line":17,"column":39},"end":{"line":17,"column":60}}]},"3":{"loc":{"start":{"line":17,"column":39},"end":{"line":17,"column":50}},"type":"binary-expr","locations":[{"start":{"line":17,"column":39},"end":{"line":17,"column":50}},{"start":{"line":17,"column":39},"end":{"line":17,"column":50}}]},"4":{"loc":{"start":{"line":18,"column":36},"end":{"line":18,"column":54}},"type":"cond-expr","locations":[{"start":{"line":18,"column":45},"end":{"line":18,"column":47}},{"start":{"line":18,"column":36},"end":{"line":18,"column":54}}]},"5":{"loc":{"start":{"line":18,"column":36},"end":{"line":18,"column":47}},"type":"binary-expr","locations":[{"start":{"line":18,"column":36},"end":{"line":18,"column":47}},{"start":{"line":18,"column":36},"end":{"line":18,"column":47}}]},"6":{"loc":{"start":{"line":19,"column":35},"end":{"line":19,"column":52}},"type":"cond-expr","locations":[{"start":{"line":19,"column":44},"end":{"line":19,"column":46}},{"start":{"line":19,"column":35},"end":{"line":19,"column":52}}]},"7":{"loc":{"start":{"line":19,"column":35},"end":{"line":19,"column":46}},"type":"binary-expr","locations":[{"start":{"line":19,"column":35},"end":{"line":19,"column":46}},{"start":{"line":19,"column":35},"end":{"line":19,"column":46}}]},"8":{"loc":{"start":{"line":21,"column":17},"end":{"line":21,"column":44}},"type":"cond-expr","locations":[{"start":{"line":21,"column":26},"end":{"line":21,"column":28}},{"start":{"line":21,"column":17},"end":{"line":21,"column":44}}]},"9":{"loc":{"start":{"line":21,"column":17},"end":{"line":21,"column":28}},"type":"binary-expr","locations":[{"start":{"line":21,"column":17},"end":{"line":21,"column":28}},{"start":{"line":21,"column":17},"end":{"line":21,"column":28}}]},"10":{"loc":{"start":{"line":23,"column":16},"end":{"line":23,"column":36}},"type":"cond-expr","locations":[{"start":{"line":23,"column":25},"end":{"line":23,"column":27}},{"start":{"line":23,"column":16},"end":{"line":23,"column":36}}]},"11":{"loc":{"start":{"line":23,"column":16},"end":{"line":23,"column":27}},"type":"binary-expr","locations":[{"start":{"line":23,"column":16},"end":{"line":23,"column":27}},{"start":{"line":23,"column":16},"end":{"line":23,"column":27}}]}},"s":{"0":0,"1":0,"2":0,"3":0,"4":0,"5":0,"6":0,"7":0},"f":{"0":0},"b":{"0":[0,0],"1":[0,0],"2":[0,0],"3":[0,0],"4":[0,0],"5":[0,0],"6":[0,0],"7":[0,0],"8":[0,0],"9":[0,0],"10":[0,0],"11":[0,0]}}
,"D:\\RSScool\\Task2\\MyTask\\Task1_ReactClassComponent_RSSchool\\src\\bottomSection\\BSection.tsx": {"path":"D:\\RSScool\\Task2\\MyTask\\Task1_ReactClassComponent_RSSchool\\src\\bottomSection\\BSection.tsx","statementMap":{"0":{"start":{"line":1,"column":0},"end":{"line":1,"column":31}},"1":{"start":{"line":2,"column":0},"end":{"line":2,"column":24}},"2":{"start":{"line":4,"column":0},"end":{"line":4,"column":49}},"3":{"start":{"line":5,"column":0},"end":{"line":5,"column":60}},"4":{"start":{"line":6,"column":0},"end":{"line":6,"column":42}},"5":{"start":{"line":8,"column":17},"end":{"line":58,"column":1}},"6":{"start":{"line":11,"column":28},"end":{"line":11,"column":51}},"7":{"start":{"line":12,"column":2},"end":{"line":30,"column":9}},"8":{"start":{"line":15,"column":37},"end":{"line":16,"column":null}},"9":{"start":{"line":18,"column":35},"end":{"line":19,"column":null}},"10":{"start":{"line":21,"column":32},"end":{"line":21,"column":73}},"11":{"start":{"line":22,"column":4},"end":{"line":29,"column":7}},"12":{"start":{"line":23,"column":6},"end":{"line":27,"column":null}},"13":{"start":{"line":32,"column":2},"end":{"line":57,"column":4}},"14":{"start":{"line":60,"column":0},"end":{"line":60,"column":24}}},"fnMap":{"0":{"name":"(anonymous_0)","decl":{"start":{"line":8,"column":17},"end":{"line":8,"column":18}},"loc":{"start":{"line":10,"column":5},"end":{"line":58,"column":1}}},"1":{"name":"(anonymous_1)","decl":{"start":{"line":12,"column":18},"end":{"line":12,"column":21}},"loc":{"start":{"line":12,"column":23},"end":{"line":30,"column":3}}},"2":{"name":"(anonymous_2)","decl":{"start":{"line":22,"column":13},"end":{"line":22,"column":14}},"loc":{"start":{"line":22,"column":22},"end":{"line":29,"column":5}}}},"branchMap":{"0":{"loc":{"start":{"line":16,"column":6},"end":{"line":16,"column":41}},"type":"binary-expr","locations":[{"start":{"line":16,"column":6},"end":{"line":16,"column":33}},{"start":{"line":16,"column":37},"end":{"line":16,"column":41}}]},"1":{"loc":{"start":{"line":19,"column":6},"end":{"line":19,"column":50}},"type":"binary-expr","locations":[{"start":{"line":19,"column":6},"end":{"line":19,"column":42}},{"start":{"line":19,"column":46},"end":{"line":19,"column":50}}]},"2":{"loc":{"start":{"line":21,"column":32},"end":{"line":21,"column":73}},"type":"binary-expr","locations":[{"start":{"line":21,"column":32},"end":{"line":21,"column":67}},{"start":{"line":21,"column":71},"end":{"line":21,"column":73}}]},"3":{"loc":{"start":{"line":36,"column":11},"end":{"line":42,"column":null}},"type":"binary-expr","locations":[{"start":{"line":36,"column":11},"end":{"line":36,"column":16}},{"start":{"line":37,"column":12},"end":{"line":41,"column":null}}]},"4":{"loc":{"start":{"line":47,"column":9},"end":{"line":52,"column":null}},"type":"binary-expr","locations":[{"start":{"line":47,"column":9},"end":{"line":47,"column":14}},{"start":{"line":48,"column":10},"end":{"line":51,"column":null}}]}},"s":{"0":0,"1":0,"2":0,"3":0,"4":0,"5":0,"6":0,"7":0,"8":0,"9":0,"10":0,"11":0,"12":0,"13":0,"14":0},"f":{"0":0,"1":0,"2":0},"b":{"0":[0,0],"1":[0,0],"2":[0,0],"3":[0,0],"4":[0,0]}}
,"D:\\RSScool\\Task2\\MyTask\\Task1_ReactClassComponent_RSSchool\\src\\bottomSection\\Pagination\\PaginatorElems\\ElemsPag.tsx": {"path":"D:\\RSScool\\Task2\\MyTask\\Task1_ReactClassComponent_RSSchool\\src\\bottomSection\\Pagination\\PaginatorElems\\ElemsPag.tsx","statementMap":{"0":{"start":{"line":1,"column":0},"end":{"line":1,"column":40}},"1":{"start":{"line":3,"column":14},"end":{"line":10,"column":1}},"2":{"start":{"line":4,"column":2},"end":{"line":6,"column":3}},"3":{"start":{"line":5,"column":4},"end":{"line":5,"column":14}},"4":{"start":{"line":7,"column":15},"end":{"line":7,"column":35}},"5":{"start":{"line":8,"column":15},"end":{"line":8,"column":32}},"6":{"start":{"line":9,"column":2},"end":{"line":9,"column":38}},"7":{"start":{"line":11,"column":17},"end":{"line":33,"column":1}},"8":{"start":{"line":16,"column":46},"end":{"line":16,"column":51}},"9":{"start":{"line":18,"column":2},"end":{"line":32,"column":4}},"10":{"start":{"line":23,"column":12},"end":{"line":27,"column":14}},"11":{"start":{"line":34,"column":0},"end":{"line":34,"column":24}}},"fnMap":{"0":{"name":"(anonymous_0)","decl":{"start":{"line":3,"column":14},"end":{"line":3,"column":15}},"loc":{"start":{"line":3,"column":70},"end":{"line":10,"column":1}}},"1":{"name":"(anonymous_1)","decl":{"start":{"line":11,"column":17},"end":{"line":11,"column":18}},"loc":{"start":{"line":15,"column":5},"end":{"line":33,"column":1}}},"2":{"name":"(anonymous_2)","decl":{"start":{"line":22,"column":10},"end":{"line":22,"column":11}},"loc":{"start":{"line":22,"column":22},"end":{"line":28,"column":11}}}},"branchMap":{"0":{"loc":{"start":{"line":4,"column":2},"end":{"line":6,"column":3}},"type":"if","locations":[{"start":{"line":4,"column":2},"end":{"line":6,"column":3}}]},"1":{"loc":{"start":{"line":21,"column":10},"end":{"line":21,"column":69}},"type":"cond-expr","locations":[{"start":{"line":21,"column":29},"end":{"line":21,"column":46}},{"start":{"line":21,"column":49},"end":{"line":21,"column":69}}]}},"s":{"0":0,"1":0,"2":0,"3":0,"4":0,"5":0,"6":0,"7":0,"8":0,"9":0,"10":0,"11":0},"f":{"0":0,"1":0,"2":0},"b":{"0":[0],"1":[0,0]}}
,"D:\\RSScool\\Task2\\MyTask\\Task1_ReactClassComponent_RSSchool\\src\\topSection\\TSection.tsx": {"path":"D:\\RSScool\\Task2\\MyTask\\Task1_ReactClassComponent_RSSchool\\src\\topSection\\TSection.tsx","statementMap":{"0":{"start":{"line":1,"column":0},"end":{"line":1,"column":31}},"1":{"start":{"line":2,"column":0},"end":{"line":2,"column":24}},"2":{"start":{"line":3,"column":0},"end":{"line":3,"column":73}},"3":{"start":{"line":4,"column":0},"end":{"line":4,"column":32}},"4":{"start":{"line":5,"column":0},"end":{"line":5,"column":64}},"5":{"start":{"line":6,"column":0},"end":{"line":6,"column":40}},"6":{"start":{"line":8,"column":17},"end":{"line":62,"column":1}},"7":{"start":{"line":9,"column":17},"end":{"line":9,"column":53}},"8":{"start":{"line":10,"column":26},"end":{"line":10,"column":46}},"9":{"start":{"line":11,"column":26},"end":{"line":11,"column":46}},"10":{"start":{"line":12,"column":34},"end":{"line":12,"column":60}},"11":{"start":{"line":13,"column":2},"end":{"line":21,"column":9}},"12":{"start":{"line":14,"column":4},"end":{"line":14,"column":35}},"13":{"start":{"line":15,"column":4},"end":{"line":20,"column":5}},"14":{"start":{"line":16,"column":6},"end":{"line":19,"column":8}},"15":{"start":{"line":22,"column":2},"end":{"line":26,"column":12}},"16":{"start":{"line":23,"column":4},"end":{"line":25,"column":5}},"17":{"start":{"line":24,"column":6},"end":{"line":24,"column":50}},"18":{"start":{"line":28,"column":2},"end":{"line":61,"column":4}},"19":{"start":{"line":34,"column":27},"end":{"line":34,"column":56}},"20":{"start":{"line":42,"column":31},"end":{"line":42,"column":58}},"21":{"start":{"line":64,"column":0},"end":{"line":64,"column":24}}},"fnMap":{"0":{"name":"(anonymous_0)","decl":{"start":{"line":8,"column":17},"end":{"line":8,"column":20}},"loc":{"start":{"line":8,"column":22},"end":{"line":62,"column":1}}},"1":{"name":"(anonymous_1)","decl":{"start":{"line":13,"column":18},"end":{"line":13,"column":21}},"loc":{"start":{"line":13,"column":23},"end":{"line":21,"column":3}}},"2":{"name":"(anonymous_2)","decl":{"start":{"line":22,"column":18},"end":{"line":22,"column":21}},"loc":{"start":{"line":22,"column":23},"end":{"line":26,"column":3}}},"3":{"name":"(anonymous_3)","decl":{"start":{"line":34,"column":21},"end":{"line":34,"column":24}},"loc":{"start":{"line":34,"column":27},"end":{"line":34,"column":56}}},"4":{"name":"(anonymous_4)","decl":{"start":{"line":42,"column":24},"end":{"line":42,"column":25}},"loc":{"start":{"line":42,"column":31},"end":{"line":42,"column":58}}}},"branchMap":{"0":{"loc":{"start":{"line":15,"column":4},"end":{"line":20,"column":5}},"type":"if","locations":[{"start":{"line":15,"column":4},"end":{"line":20,"column":5}}]},"1":{"loc":{"start":{"line":16,"column":6},"end":{"line":18,"column":null}},"type":"cond-expr","locations":[{"start":{"line":16,"column":20},"end":{"line":16,"column":22}},{"start":{"line":16,"column":20},"end":{"line":18,"column":null}}]},"2":{"loc":{"start":{"line":16,"column":6},"end":{"line":16,"column":22}},"type":"binary-expr","locations":[{"start":{"line":16,"column":6},"end":{"line":16,"column":22}},{"start":{"line":16,"column":20},"end":{"line":16,"column":22}}]},"3":{"loc":{"start":{"line":18,"column":8},"end":{"line":18,"column":49}},"type":"binary-expr","locations":[{"start":{"line":18,"column":8},"end":{"line":18,"column":43}},{"start":{"line":18,"column":47},"end":{"line":18,"column":49}}]},"4":{"loc":{"start":{"line":23,"column":4},"end":{"line":25,"column":5}},"type":"if","locations":[{"start":{"line":23,"column":4},"end":{"line":25,"column":5}}]},"5":{"loc":{"start":{"line":59,"column":7},"end":{"line":59,"column":23}},"type":"binary-expr","locations":[{"start":{"line":59,"column":7},"end":{"line":59,"column":11}},{"start":{"line":59,"column":15},"end":{"line":59,"column":23}}]}},"s":{"0":0,"1":0,"2":0,"3":0,"4":0,"5":0,"6":0,"7":0,"8":0,"9":0,"10":0,"11":0,"12":0,"13":0,"14":0,"15":0,"16":0,"17":0,"18":0,"19":0,"20":0,"21":0},"f":{"0":0,"1":0,"2":0,"3":0,"4":0},"b":{"0":[0],"1":[0,0],"2":[0,0],"3":[0,0],"4":[0],"5":[0,0]}}
,"D:\\RSScool\\Task2\\MyTask\\Task1_ReactClassComponent_RSSchool\\src\\topSection\\ButtonsEvents\\ButtonsEvents.ts": {"path":"D:\\RSScool\\Task2\\MyTask\\Task1_ReactClassComponent_RSSchool\\src\\topSection\\ButtonsEvents\\ButtonsEvents.ts","statementMap":{"0":{"start":{"line":6,"column":19},"end":{"line":8,"column":1}},"1":{"start":{"line":7,"column":2},"end":{"line":7,"column":18}},"2":{"start":{"line":34,"column":9},"end":{"line":34,"column":19}},"3":{"start":{"line":9,"column":21},"end":{"line":32,"column":1}},"4":{"start":{"line":10,"column":28},"end":{"line":12,"column":17}},"5":{"start":{"line":13,"column":2},"end":{"line":13,"column":49}},"6":{"start":{"line":15,"column":41},"end":{"line":16,"column":null}},"7":{"start":{"line":19,"column":23},"end":{"line":29,"column":4}},"8":{"start":{"line":20,"column":4},"end":{"line":20,"column":43}},"9":{"start":{"line":20,"column":31},"end":{"line":20,"column":43}},"10":{"start":{"line":21,"column":4},"end":{"line":27,"column":5}},"11":{"start":{"line":26,"column":6},"end":{"line":26,"column":18}},"12":{"start":{"line":28,"column":4},"end":{"line":28,"column":17}},"13":{"start":{"line":30,"column":2},"end":{"line":30,"column":69}},"14":{"start":{"line":31,"column":2},"end":{"line":31,"column":27}},"15":{"start":{"line":34,"column":21},"end":{"line":34,"column":33}}},"fnMap":{"0":{"name":"(anonymous_0)","decl":{"start":{"line":6,"column":19},"end":{"line":6,"column":20}},"loc":{"start":{"line":6,"column":49},"end":{"line":8,"column":1}}},"1":{"name":"(anonymous_1)","decl":{"start":{"line":9,"column":21},"end":{"line":9,"column":24}},"loc":{"start":{"line":9,"column":26},"end":{"line":32,"column":1}}},"2":{"name":"(anonymous_2)","decl":{"start":{"line":19,"column":58},"end":{"line":19,"column":59}},"loc":{"start":{"line":19,"column":78},"end":{"line":29,"column":3}}}},"branchMap":{"0":{"loc":{"start":{"line":16,"column":4},"end":{"line":16,"column":39}},"type":"binary-expr","locations":[{"start":{"line":16,"column":4},"end":{"line":16,"column":31}},{"start":{"line":16,"column":35},"end":{"line":16,"column":39}}]},"1":{"loc":{"start":{"line":20,"column":4},"end":{"line":20,"column":43}},"type":"if","locations":[{"start":{"line":20,"column":4},"end":{"line":20,"column":43}}]},"2":{"loc":{"start":{"line":21,"column":4},"end":{"line":27,"column":5}},"type":"if","locations":[{"start":{"line":21,"column":4},"end":{"line":27,"column":5}}]}},"s":{"0":0,"1":0,"2":0,"3":0,"4":0,"5":0,"6":0,"7":0,"8":0,"9":0,"10":0,"11":0,"12":0,"13":0,"14":0,"15":0},"f":{"0":0,"1":0,"2":0},"b":{"0":[0,0],"1":[0],"2":[0]}}
,"D:\\RSScool\\Task2\\MyTask\\Task1_ReactClassComponent_RSSchool\\src\\topSection\\LoadInformation\\LoadInformation.ts": {"path":"D:\\RSScool\\Task2\\MyTask\\Task1_ReactClassComponent_RSSchool\\src\\topSection\\LoadInformation\\LoadInformation.ts","statementMap":{"0":{"start":{"line":5,"column":19},"end":{"line":14,"column":2}},"1":{"start":{"line":5,"column":30},"end":{"line":14,"column":2}},"2":{"start":{"line":6,"column":2},"end":{"line":13,"column":3}},"3":{"start":{"line":7,"column":24},"end":{"line":9,"column":29}},"4":{"start":{"line":8,"column":20},"end":{"line":8,"column":29}},"5":{"start":{"line":9,"column":20},"end":{"line":9,"column":28}},"6":{"start":{"line":10,"column":4},"end":{"line":10,"column":31}},"7":{"start":{"line":12,"column":4},"end":{"line":12,"column":13}},"8":{"start":{"line":65,"column":22},"end":{"line":65,"column":32}},"9":{"start":{"line":15,"column":21},"end":{"line":22,"column":1}},"10":{"start":{"line":16,"column":2},"end":{"line":18,"column":3}},"11":{"start":{"line":17,"column":4},"end":{"line":17,"column":13}},"12":{"start":{"line":19,"column":2},"end":{"line":21,"column":4}},"13":{"start":{"line":24,"column":22},"end":{"line":31,"column":1}},"14":{"start":{"line":25,"column":20},"end":{"line":25,"column":22}},"15":{"start":{"line":26,"column":2},"end":{"line":29,"column":3}},"16":{"start":{"line":27,"column":4},"end":{"line":27,"column":66}},"17":{"start":{"line":28,"column":4},"end":{"line":28,"column":12}},"18":{"start":{"line":30,"column":2},"end":{"line":30,"column":19}},"19":{"start":{"line":32,"column":21},"end":{"line":45,"column":2}},"20":{"start":{"line":32,"column":52},"end":{"line":45,"column":2}},"21":{"start":{"line":33,"column":21},"end":{"line":42,"column":null}},"22":{"start":{"line":34,"column":32},"end":{"line":42,"column":6}},"23":{"start":{"line":35,"column":20},"end":{"line":35,"column":35}},"24":{"start":{"line":37,"column":20},"end":{"line":37,"column":38}},"25":{"start":{"line":39,"column":20},"end":{"line":39,"column":39}},"26":{"start":{"line":41,"column":6},"end":{"line":41,"column":19}},"27":{"start":{"line":44,"column":2},"end":{"line":44,"column":20}},"28":{"start":{"line":47,"column":20},"end":{"line":64,"column":2}},"29":{"start":{"line":47,"column":51},"end":{"line":64,"column":2}},"30":{"start":{"line":48,"column":2},"end":{"line":63,"column":3}},"31":{"start":{"line":49,"column":24},"end":{"line":49,"column":42}},"32":{"start":{"line":50,"column":24},"end":{"line":50,"column":49}},"33":{"start":{"line":51,"column":26},"end":{"line":51,"column":52}},"34":{"start":{"line":52,"column":26},"end":{"line":52,"column":59}},"35":{"start":{"line":53,"column":32},"end":{"line":56,"column":10}},"36":{"start":{"line":54,"column":6},"end":{"line":54,"column":22}},"37":{"start":{"line":55,"column":6},"end":{"line":55,"column":17}},"38":{"start":{"line":59,"column":4},"end":{"line":59,"column":69}},"39":{"start":{"line":60,"column":4},"end":{"line":60,"column":19}},"40":{"start":{"line":62,"column":4},"end":{"line":62,"column":43}},"41":{"start":{"line":65,"column":9},"end":{"line":65,"column":20}}},"fnMap":{"0":{"name":"(anonymous_7)","decl":{"start":{"line":5,"column":19},"end":{"line":5,"column":28}},"loc":{"start":{"line":5,"column":30},"end":{"line":14,"column":2}}},"1":{"name":"(anonymous_8)","decl":{"start":{"line":5,"column":30},"end":{"line":5,"column":null}},"loc":{"start":{"line":5,"column":30},"end":{"line":14,"column":1}}},"2":{"name":"(anonymous_9)","decl":{"start":{"line":8,"column":12},"end":{"line":8,"column":13}},"loc":{"start":{"line":8,"column":20},"end":{"line":8,"column":29}}},"3":{"name":"(anonymous_10)","decl":{"start":{"line":9,"column":12},"end":{"line":9,"column":13}},"loc":{"start":{"line":9,"column":20},"end":{"line":9,"column":28}}},"4":{"name":"(anonymous_11)","decl":{"start":{"line":15,"column":21},"end":{"line":15,"column":22}},"loc":{"start":{"line":15,"column":45},"end":{"line":22,"column":1}}},"5":{"name":"(anonymous_12)","decl":{"start":{"line":24,"column":22},"end":{"line":24,"column":23}},"loc":{"start":{"line":24,"column":40},"end":{"line":31,"column":1}}},"6":{"name":"(anonymous_13)","decl":{"start":{"line":32,"column":21},"end":{"line":32,"column":28}},"loc":{"start":{"line":32,"column":52},"end":{"line":45,"column":2}}},"7":{"name":"(anonymous_14)","decl":{"start":{"line":32,"column":52},"end":{"line":32,"column":null}},"loc":{"start":{"line":32,"column":52},"end":{"line":45,"column":1}}},"8":{"name":"(anonymous_15)","decl":{"start":{"line":34,"column":19},"end":{"line":34,"column":26}},"loc":{"start":{"line":34,"column":32},"end":{"line":42,"column":6}}},"9":{"name":"(anonymous_16)","decl":{"start":{"line":34,"column":32},"end":{"line":34,"column":null}},"loc":{"start":{"line":34,"column":32},"end":{"line":42,"column":5}}},"10":{"name":"(anonymous_17)","decl":{"start":{"line":47,"column":20},"end":{"line":47,"column":27}},"loc":{"start":{"line":47,"column":51},"end":{"line":64,"column":2}}},"11":{"name":"(anonymous_18)","decl":{"start":{"line":47,"column":51},"end":{"line":47,"column":null}},"loc":{"start":{"line":47,"column":47},"end":{"line":64,"column":1}}},"12":{"name":"(anonymous_19)","decl":{"start":{"line":53,"column":58},"end":{"line":53,"column":59}},"loc":{"start":{"line":53,"column":70},"end":{"line":56,"column":5}}}},"branchMap":{"0":{"loc":{"start":{"line":16,"column":2},"end":{"line":18,"column":3}},"type":"if","locations":[{"start":{"line":16,"column":2},"end":{"line":18,"column":3}}]},"1":{"loc":{"start":{"line":20,"column":4},"end":{"line":20,"column":67}},"type":"cond-expr","locations":[{"start":{"line":20,"column":28},"end":{"line":20,"column":44}},{"start":{"line":20,"column":47},"end":{"line":20,"column":67}}]}},"s":{"0":0,"1":0,"2":0,"3":0,"4":0,"5":0,"6":0,"7":0,"8":0,"9":0,"10":0,"11":0,"12":0,"13":0,"14":0,"15":0,"16":0,"17":0,"18":0,"19":0,"20":0,"21":0,"22":0,"23":0,"24":0,"25":0,"26":0,"27":0,"28":0,"29":0,"30":0,"31":0,"32":0,"33":0,"34":0,"35":0,"36":0,"37":0,"38":0,"39":0,"40":0,"41":0},"f":{"0":0,"1":0,"2":0,"3":0,"4":0,"5":0,"6":0,"7":0,"8":0,"9":0,"10":0,"11":0,"12":0},"b":{"0":[0],"1":[0,0]}}
}
